test.obj : error LNK2019: 无法解析的外部符号 _my_strlen，函数 _main 中引用了该符号
D:\2022_code\test_4_12\Debug\test_4_12.exe : fatal error LNK1120: 1 个无法解析的外部命令
